<?xml version="1.0" encoding="UTF-8"?>
<testsuites tests="46" failures="0" disabled="0" errors="0" timestamp="2014-08-24T09:57:56" time="2.545" name="AllTests">
  <testsuite name="DataContainerTest" tests="3" failures="0" disabled="0" errors="0" time="0.002">
    <testcase name="miscellaneousTest" status="run" time="0.001" classname="DataContainerTest" />
    <testcase name="getDataHandlesCopyTest" status="run" time="0" classname="DataContainerTest" />
    <testcase name="concurrentAccessTest" status="run" time="0" classname="DataContainerTest" />
  </testsuite>
  <testsuite name="DataHandleTest" tests="2" failures="0" disabled="0" errors="0" time="0">
    <testcase name="getDataTest" status="run" time="0" classname="DataHandleTest" />
    <testcase name="getTimestampTest" status="run" time="0" classname="DataHandleTest" />
  </testsuite>
  <testsuite name="ImageDataTest" tests="2" failures="0" disabled="0" errors="0" time="0.002">
    <testcase name="miscellaneousTest" status="run" time="0" classname="ImageDataTest" />
    <testcase name="cloneTest" status="run" time="0" classname="ImageDataTest" />
  </testsuite>
  <testsuite name="ImageRepresentationTest" tests="3" failures="0" disabled="0" errors="0" time="0.029">
    <testcase name="conversion_disk_local_gl_test" status="run" time="0.003" classname="ImageRepresentationTest" />
    <testcase name="conversion_disk_gl_local_test" status="run" time="0.001" classname="ImageRepresentationTest" />
    <testcase name="basetype_conversion_test" status="run" time="0.022" classname="ImageRepresentationTest" />
  </testsuite>
  <testsuite name="ImageSeriesTest" tests="2" failures="0" disabled="0" errors="0" time="0.002">
    <testcase name="miscellaneousTest" status="run" time="0" classname="ImageSeriesTest" />
    <testcase name="cloneTest" status="run" time="0" classname="ImageSeriesTest" />
  </testsuite>
  <testsuite name="NumericPropertyTest" tests="4" failures="0" disabled="0" errors="0" time="0.003">
    <testcase name="maxTest" status="run" time="0" classname="NumericPropertyTest" />
    <testcase name="minTest" status="run" time="0" classname="NumericPropertyTest" />
    <testcase name="increaseTest" status="run" time="0" classname="NumericPropertyTest" />
    <testcase name="decreaseTest" status="run" time="0" classname="NumericPropertyTest" />
  </testsuite>
  <testsuite name="StringPropertyTest" tests="3" failures="0" disabled="0" errors="0" time="0.003">
    <testcase name="getSetValueTest" status="run" time="0" classname="StringPropertyTest" />
    <testcase name="sharedPropertyTest" status="run" time="0" classname="StringPropertyTest" />
    <testcase name="unlockTest" status="run" time="0" classname="StringPropertyTest" />
  </testsuite>
  <testsuite name="ConcurrentHistogram1DTest" tests="1" failures="0" disabled="0" errors="0" time="0.002">
    <testcase name="concurrentAddSampleTest" status="run" time="0.001" classname="ConcurrentHistogram1DTest" />
  </testsuite>
  <testsuite name="ConcurrentHistogram2DTest" tests="1" failures="0" disabled="0" errors="0" time="0.085">
    <testcase name="concurrentAddSampleTest" status="run" time="0.085" classname="ConcurrentHistogram2DTest" />
  </testsuite>
  <testsuite name="ConcurrentHistogram1DTestSpecific" tests="1" failures="0" disabled="0" errors="0" time="0.109">
    <testcase name="concurrentAddSampleTest" status="run" time="0.109" classname="ConcurrentHistogram1DTestSpecific" />
  </testsuite>
  <testsuite name="ConcurrentHistogram2DTestSpecific" tests="1" failures="0" disabled="0" errors="0" time="0.129">
    <testcase name="concurrentAddSampleTest" status="run" time="0.129" classname="ConcurrentHistogram2DTestSpecific" />
  </testsuite>
  <testsuite name="StringUtilTest" tests="6" failures="0" disabled="0" errors="0" time="0.006">
    <testcase name="caseOperationsTest" status="run" time="0" classname="StringUtilTest" />
    <testcase name="parseFloatsTest" status="run" time="0" classname="StringUtilTest" />
    <testcase name="splitTest" status="run" time="0.001" classname="StringUtilTest" />
    <testcase name="replaceTest" status="run" time="0" classname="StringUtilTest" />
    <testcase name="trimTest" status="run" time="0" classname="StringUtilTest" />
    <testcase name="toStringTest" status="run" time="0" classname="StringUtilTest" />
  </testsuite>
  <testsuite name="AbstractProcessorTest" tests="2" failures="0" disabled="0" errors="0" time="0.003">
    <testcase name="invalidationTest" status="run" time="0" classname="AbstractProcessorTest" />
    <testcase name="lockingTest" status="run" time="0.001" classname="AbstractProcessorTest" />
  </testsuite>
  <testsuite name="PipelineWriteResultImageTest" tests="3" failures="0" disabled="0" errors="0" time="2.034">
    <testcase name="VolumeExplorerDemo" status="run" time="1.447" classname="PipelineWriteResultImageTest" />
    <testcase name="GeometryRendererDemo" status="run" time="0.268" classname="PipelineWriteResultImageTest" />
    <testcase name="SliceVis" status="run" time="0.315" classname="PipelineWriteResultImageTest" />
  </testsuite>
  <testsuite name="2DTest/GlReductionTest" tests="6" failures="0" disabled="0" errors="0" time="0.062">
    <testcase name="isScopedLockWorking/0" value_param="2" status="run" time="0" classname="2DTest/GlReductionTest" />
    <testcase name="localRepCreationTest/0" value_param="2" status="run" time="0" classname="2DTest/GlReductionTest" />
    <testcase name="minTest/0" value_param="2" status="run" time="0.016" classname="2DTest/GlReductionTest" />
    <testcase name="maxTest/0" value_param="2" status="run" time="0.012" classname="2DTest/GlReductionTest" />
    <testcase name="sumTest/0" value_param="2" status="run" time="0.012" classname="2DTest/GlReductionTest" />
    <testcase name="multTest/0" value_param="2" status="run" time="0.014" classname="2DTest/GlReductionTest" />
  </testsuite>
  <testsuite name="3DTest/GlReductionTest" tests="6" failures="0" disabled="0" errors="0" time="0.056">
    <testcase name="isScopedLockWorking/0" value_param="3" status="run" time="0" classname="3DTest/GlReductionTest" />
    <testcase name="localRepCreationTest/0" value_param="3" status="run" time="0" classname="3DTest/GlReductionTest" />
    <testcase name="minTest/0" value_param="3" status="run" time="0.012" classname="3DTest/GlReductionTest" />
    <testcase name="maxTest/0" value_param="3" status="run" time="0.012" classname="3DTest/GlReductionTest" />
    <testcase name="sumTest/0" value_param="3" status="run" time="0.011" classname="3DTest/GlReductionTest" />
    <testcase name="multTest/0" value_param="3" status="run" time="0.011" classname="3DTest/GlReductionTest" />
  </testsuite>
</testsuites>
